2024-09-04 12:58:59,113 - INFO - Processing repository: cleanlab/cleanlab
2024-09-04 12:58:59,392 - INFO - Total stargazers for cleanlab/cleanlab: 9360
2024-09-04 12:58:59,852 - INFO - Downloaded page 1 of stargazers. Total unique stargazers across all repos: 100
2024-09-04 12:59:00,292 - INFO - Downloaded page 2 of stargazers. Total unique stargazers across all repos: 200
2024-09-04 12:59:00,718 - INFO - Downloaded page 3 of stargazers. Total unique stargazers across all repos: 300
2024-09-04 12:59:01,137 - INFO - Downloaded page 4 of stargazers. Total unique stargazers across all repos: 400
2024-09-04 12:59:01,564 - INFO - Downloaded page 5 of stargazers. Total unique stargazers across all repos: 500
2024-09-04 12:59:01,999 - INFO - Downloaded page 6 of stargazers. Total unique stargazers across all repos: 600
2024-09-04 12:59:02,417 - INFO - Downloaded page 7 of stargazers. Total unique stargazers across all repos: 700
2024-09-04 12:59:02,842 - INFO - Downloaded page 8 of stargazers. Total unique stargazers across all repos: 800
2024-09-04 12:59:03,259 - INFO - Downloaded page 9 of stargazers. Total unique stargazers across all repos: 900
2024-09-04 12:59:03,697 - INFO - Downloaded page 10 of stargazers. Total unique stargazers across all repos: 1000
2024-09-04 12:59:04,166 - INFO - Downloaded page 11 of stargazers. Total unique stargazers across all repos: 1100
2024-09-04 12:59:04,612 - INFO - Downloaded page 12 of stargazers. Total unique stargazers across all repos: 1200
2024-09-04 12:59:05,050 - INFO - Downloaded page 13 of stargazers. Total unique stargazers across all repos: 1300
2024-09-04 12:59:05,493 - INFO - Downloaded page 14 of stargazers. Total unique stargazers across all repos: 1400
2024-09-04 12:59:05,933 - INFO - Downloaded page 15 of stargazers. Total unique stargazers across all repos: 1500
2024-09-04 12:59:06,365 - INFO - Downloaded page 16 of stargazers. Total unique stargazers across all repos: 1600
2024-09-04 12:59:06,813 - INFO - Downloaded page 17 of stargazers. Total unique stargazers across all repos: 1700
2024-09-04 12:59:07,262 - INFO - Downloaded page 18 of stargazers. Total unique stargazers across all repos: 1800
2024-09-04 12:59:07,676 - INFO - Downloaded page 19 of stargazers. Total unique stargazers across all repos: 1900
2024-09-04 12:59:08,124 - INFO - Downloaded page 20 of stargazers. Total unique stargazers across all repos: 2000
2024-09-04 12:59:08,557 - INFO - Downloaded page 21 of stargazers. Total unique stargazers across all repos: 2100
2024-09-04 12:59:08,987 - INFO - Downloaded page 22 of stargazers. Total unique stargazers across all repos: 2200
2024-09-04 12:59:09,406 - INFO - Downloaded page 23 of stargazers. Total unique stargazers across all repos: 2300
2024-09-04 12:59:09,872 - INFO - Downloaded page 24 of stargazers. Total unique stargazers across all repos: 2400
2024-09-04 12:59:10,322 - INFO - Downloaded page 25 of stargazers. Total unique stargazers across all repos: 2500
2024-09-04 12:59:10,746 - INFO - Downloaded page 26 of stargazers. Total unique stargazers across all repos: 2600
2024-09-04 12:59:11,175 - INFO - Downloaded page 27 of stargazers. Total unique stargazers across all repos: 2700
2024-09-04 12:59:11,564 - INFO - Downloaded page 28 of stargazers. Total unique stargazers across all repos: 2800
2024-09-04 12:59:11,977 - INFO - Downloaded page 29 of stargazers. Total unique stargazers across all repos: 2900
2024-09-04 12:59:12,432 - INFO - Downloaded page 30 of stargazers. Total unique stargazers across all repos: 3000
2024-09-04 12:59:12,870 - INFO - Downloaded page 31 of stargazers. Total unique stargazers across all repos: 3100
2024-09-04 12:59:13,322 - INFO - Downloaded page 32 of stargazers. Total unique stargazers across all repos: 3200
2024-09-04 12:59:13,758 - INFO - Downloaded page 33 of stargazers. Total unique stargazers across all repos: 3300
2024-09-04 12:59:14,160 - INFO - Downloaded page 34 of stargazers. Total unique stargazers across all repos: 3400
2024-09-04 12:59:14,585 - INFO - Downloaded page 35 of stargazers. Total unique stargazers across all repos: 3500
2024-09-04 12:59:15,018 - INFO - Downloaded page 36 of stargazers. Total unique stargazers across all repos: 3600
2024-09-04 12:59:15,442 - INFO - Downloaded page 37 of stargazers. Total unique stargazers across all repos: 3700
2024-09-04 12:59:15,971 - INFO - Downloaded page 38 of stargazers. Total unique stargazers across all repos: 3800
2024-09-04 12:59:16,397 - INFO - Downloaded page 39 of stargazers. Total unique stargazers across all repos: 3900
2024-09-04 12:59:16,879 - INFO - Downloaded page 40 of stargazers. Total unique stargazers across all repos: 4000
2024-09-04 12:59:17,299 - INFO - Downloaded page 41 of stargazers. Total unique stargazers across all repos: 4100
2024-09-04 12:59:17,714 - INFO - Downloaded page 42 of stargazers. Total unique stargazers across all repos: 4200
2024-09-04 12:59:18,122 - INFO - Downloaded page 43 of stargazers. Total unique stargazers across all repos: 4300
2024-09-04 12:59:18,528 - INFO - Downloaded page 44 of stargazers. Total unique stargazers across all repos: 4400
2024-09-04 12:59:18,963 - INFO - Downloaded page 45 of stargazers. Total unique stargazers across all repos: 4500
2024-09-04 12:59:19,433 - INFO - Downloaded page 46 of stargazers. Total unique stargazers across all repos: 4600
2024-09-04 12:59:19,864 - INFO - Downloaded page 47 of stargazers. Total unique stargazers across all repos: 4700
2024-09-04 12:59:20,312 - INFO - Downloaded page 48 of stargazers. Total unique stargazers across all repos: 4800
2024-09-04 12:59:20,712 - INFO - Downloaded page 49 of stargazers. Total unique stargazers across all repos: 4900
2024-09-04 12:59:21,152 - INFO - Downloaded page 50 of stargazers. Total unique stargazers across all repos: 5000
2024-09-04 12:59:21,820 - INFO - Downloaded page 51 of stargazers. Total unique stargazers across all repos: 5100
2024-09-04 12:59:22,233 - INFO - Downloaded page 52 of stargazers. Total unique stargazers across all repos: 5200
2024-09-04 12:59:22,678 - INFO - Downloaded page 53 of stargazers. Total unique stargazers across all repos: 5300
2024-09-04 12:59:23,103 - INFO - Downloaded page 54 of stargazers. Total unique stargazers across all repos: 5400
2024-09-04 12:59:23,540 - INFO - Downloaded page 55 of stargazers. Total unique stargazers across all repos: 5500
2024-09-04 12:59:23,970 - INFO - Downloaded page 56 of stargazers. Total unique stargazers across all repos: 5600
2024-09-04 12:59:24,380 - INFO - Downloaded page 57 of stargazers. Total unique stargazers across all repos: 5700
2024-09-04 12:59:24,835 - INFO - Downloaded page 58 of stargazers. Total unique stargazers across all repos: 5800
2024-09-04 12:59:25,242 - INFO - Downloaded page 59 of stargazers. Total unique stargazers across all repos: 5900
2024-09-04 12:59:25,644 - INFO - Downloaded page 60 of stargazers. Total unique stargazers across all repos: 6000
2024-09-04 12:59:26,093 - INFO - Downloaded page 61 of stargazers. Total unique stargazers across all repos: 6100
2024-09-04 12:59:26,513 - INFO - Downloaded page 62 of stargazers. Total unique stargazers across all repos: 6200
2024-09-04 12:59:26,958 - INFO - Downloaded page 63 of stargazers. Total unique stargazers across all repos: 6300
2024-09-04 12:59:27,385 - INFO - Downloaded page 64 of stargazers. Total unique stargazers across all repos: 6400
2024-09-04 12:59:27,835 - INFO - Downloaded page 65 of stargazers. Total unique stargazers across all repos: 6500
2024-09-04 12:59:28,462 - INFO - Downloaded page 66 of stargazers. Total unique stargazers across all repos: 6600
2024-09-04 12:59:28,913 - INFO - Downloaded page 67 of stargazers. Total unique stargazers across all repos: 6700
2024-09-04 12:59:29,346 - INFO - Downloaded page 68 of stargazers. Total unique stargazers across all repos: 6800
2024-09-04 12:59:29,829 - INFO - Downloaded page 69 of stargazers. Total unique stargazers across all repos: 6900
2024-09-04 12:59:30,260 - INFO - Downloaded page 70 of stargazers. Total unique stargazers across all repos: 7000
2024-09-04 12:59:30,879 - INFO - Downloaded page 71 of stargazers. Total unique stargazers across all repos: 7100
2024-09-04 12:59:31,312 - INFO - Downloaded page 72 of stargazers. Total unique stargazers across all repos: 7200
2024-09-04 12:59:31,762 - INFO - Downloaded page 73 of stargazers. Total unique stargazers across all repos: 7300
2024-09-04 12:59:32,161 - INFO - Downloaded page 74 of stargazers. Total unique stargazers across all repos: 7400
2024-09-04 12:59:32,573 - INFO - Downloaded page 75 of stargazers. Total unique stargazers across all repos: 7500
2024-09-04 12:59:33,115 - INFO - Downloaded page 76 of stargazers. Total unique stargazers across all repos: 7600
2024-09-04 12:59:33,575 - INFO - Downloaded page 77 of stargazers. Total unique stargazers across all repos: 7700
2024-09-04 12:59:33,985 - INFO - Downloaded page 78 of stargazers. Total unique stargazers across all repos: 7800
2024-09-04 12:59:34,425 - INFO - Downloaded page 79 of stargazers. Total unique stargazers across all repos: 7900
2024-09-04 12:59:34,854 - INFO - Downloaded page 80 of stargazers. Total unique stargazers across all repos: 8000
2024-09-04 12:59:35,310 - INFO - Downloaded page 81 of stargazers. Total unique stargazers across all repos: 8100
2024-09-04 12:59:35,715 - INFO - Downloaded page 82 of stargazers. Total unique stargazers across all repos: 8200
2024-09-04 12:59:36,152 - INFO - Downloaded page 83 of stargazers. Total unique stargazers across all repos: 8300
2024-09-04 12:59:36,586 - INFO - Downloaded page 84 of stargazers. Total unique stargazers across all repos: 8400
2024-09-04 12:59:37,032 - INFO - Downloaded page 85 of stargazers. Total unique stargazers across all repos: 8500
2024-09-04 12:59:37,470 - INFO - Downloaded page 86 of stargazers. Total unique stargazers across all repos: 8600
2024-09-04 12:59:37,901 - INFO - Downloaded page 87 of stargazers. Total unique stargazers across all repos: 8700
2024-09-04 12:59:38,399 - INFO - Downloaded page 88 of stargazers. Total unique stargazers across all repos: 8800
2024-09-04 12:59:38,863 - INFO - Downloaded page 89 of stargazers. Total unique stargazers across all repos: 8900
2024-09-04 12:59:39,304 - INFO - Downloaded page 90 of stargazers. Total unique stargazers across all repos: 9000
2024-09-04 12:59:39,742 - INFO - Downloaded page 91 of stargazers. Total unique stargazers across all repos: 9100
2024-09-04 12:59:40,146 - INFO - Downloaded page 92 of stargazers. Total unique stargazers across all repos: 9200
2024-09-04 12:59:40,620 - INFO - Downloaded page 93 of stargazers. Total unique stargazers across all repos: 9300
2024-09-04 12:59:41,037 - INFO - Downloaded page 94 of stargazers. Total unique stargazers across all repos: 9360
2024-09-04 12:59:41,425 - INFO - Finished processing cleanlab/cleanlab. Unique stargazers for this repo: 9360
2024-09-04 12:59:41,425 - INFO - Total stargazers: 9360, Unique stargazers: 9360
2024-09-04 12:59:41,426 - INFO - Total unique stargazers across all repos so far: 9360
2024-09-04 12:59:41,426 - INFO - Processing repository: BurntSushi/ripgrep
2024-09-04 12:59:41,819 - INFO - Total stargazers for BurntSushi/ripgrep: 47391
2024-09-04 12:59:42,254 - INFO - Downloaded page 1 of stargazers. Total unique stargazers across all repos: 9458
2024-09-04 12:59:42,735 - INFO - Downloaded page 2 of stargazers. Total unique stargazers across all repos: 9553
2024-09-04 12:59:43,190 - INFO - Downloaded page 3 of stargazers. Total unique stargazers across all repos: 9651
2024-09-04 12:59:43,650 - INFO - Downloaded page 4 of stargazers. Total unique stargazers across all repos: 9749
2024-09-04 12:59:44,072 - INFO - Downloaded page 5 of stargazers. Total unique stargazers across all repos: 9846
2024-09-04 12:59:44,581 - INFO - Downloaded page 6 of stargazers. Total unique stargazers across all repos: 9946
2024-09-04 12:59:45,033 - INFO - Downloaded page 7 of stargazers. Total unique stargazers across all repos: 10043
2024-09-04 12:59:45,444 - INFO - Downloaded page 8 of stargazers. Total unique stargazers across all repos: 10141
2024-09-04 12:59:45,900 - INFO - Downloaded page 9 of stargazers. Total unique stargazers across all repos: 10240
2024-09-04 12:59:46,389 - INFO - Downloaded page 10 of stargazers. Total unique stargazers across all repos: 10340
2024-09-04 12:59:46,853 - INFO - Downloaded page 11 of stargazers. Total unique stargazers across all repos: 10438
2024-09-04 12:59:47,318 - INFO - Downloaded page 12 of stargazers. Total unique stargazers across all repos: 10538
2024-09-04 12:59:47,777 - INFO - Downloaded page 13 of stargazers. Total unique stargazers across all repos: 10638
2024-09-04 12:59:48,197 - INFO - Downloaded page 14 of stargazers. Total unique stargazers across all repos: 10736
2024-09-04 12:59:48,619 - INFO - Downloaded page 15 of stargazers. Total unique stargazers across all repos: 10835
2024-09-04 12:59:49,131 - INFO - Downloaded page 16 of stargazers. Total unique stargazers across all repos: 10934
2024-09-04 12:59:49,622 - INFO - Downloaded page 17 of stargazers. Total unique stargazers across all repos: 11032
2024-09-04 12:59:50,088 - INFO - Downloaded page 18 of stargazers. Total unique stargazers across all repos: 11132
2024-09-04 12:59:50,487 - INFO - Downloaded page 19 of stargazers. Total unique stargazers across all repos: 11231
2024-09-04 12:59:50,919 - INFO - Downloaded page 20 of stargazers. Total unique stargazers across all repos: 11330
2024-09-04 12:59:51,368 - INFO - Downloaded page 21 of stargazers. Total unique stargazers across all repos: 11429
2024-09-04 12:59:51,873 - INFO - Downloaded page 22 of stargazers. Total unique stargazers across all repos: 11528
2024-09-04 12:59:52,324 - INFO - Downloaded page 23 of stargazers. Total unique stargazers across all repos: 11626
2024-09-04 12:59:52,757 - INFO - Downloaded page 24 of stargazers. Total unique stargazers across all repos: 11722
2024-09-04 12:59:53,265 - INFO - Downloaded page 25 of stargazers. Total unique stargazers across all repos: 11822
2024-09-04 12:59:53,825 - INFO - Downloaded page 26 of stargazers. Total unique stargazers across all repos: 11921
2024-09-04 12:59:54,270 - INFO - Downloaded page 27 of stargazers. Total unique stargazers across all repos: 12018
2024-09-04 12:59:54,712 - INFO - Downloaded page 28 of stargazers. Total unique stargazers across all repos: 12116
2024-09-04 12:59:55,261 - INFO - Downloaded page 29 of stargazers. Total unique stargazers across all repos: 12216
2024-09-04 12:59:55,713 - INFO - Downloaded page 30 of stargazers. Total unique stargazers across all repos: 12315
2024-09-04 12:59:56,195 - INFO - Downloaded page 31 of stargazers. Total unique stargazers across all repos: 12412
2024-09-04 12:59:56,670 - INFO - Downloaded page 32 of stargazers. Total unique stargazers across all repos: 12512
2024-09-04 12:59:57,099 - INFO - Downloaded page 33 of stargazers. Total unique stargazers across all repos: 12610
2024-09-04 12:59:57,539 - INFO - Downloaded page 34 of stargazers. Total unique stargazers across all repos: 12709
2024-09-04 12:59:57,959 - INFO - Downloaded page 35 of stargazers. Total unique stargazers across all repos: 12807
2024-09-04 12:59:58,374 - INFO - Downloaded page 36 of stargazers. Total unique stargazers across all repos: 12907
2024-09-04 12:59:58,813 - INFO - Downloaded page 37 of stargazers. Total unique stargazers across all repos: 13005
2024-09-04 12:59:59,299 - INFO - Downloaded page 38 of stargazers. Total unique stargazers across all repos: 13104
2024-09-04 12:59:59,723 - INFO - Downloaded page 39 of stargazers. Total unique stargazers across all repos: 13203
2024-09-04 13:00:00,207 - INFO - Downloaded page 40 of stargazers. Total unique stargazers across all repos: 13303
2024-09-04 13:00:00,629 - INFO - Downloaded page 41 of stargazers. Total unique stargazers across all repos: 13401
2024-09-04 13:00:01,060 - INFO - Downloaded page 42 of stargazers. Total unique stargazers across all repos: 13500
2024-09-04 13:00:01,560 - INFO - Downloaded page 43 of stargazers. Total unique stargazers across all repos: 13600
2024-09-04 13:00:02,038 - INFO - Downloaded page 44 of stargazers. Total unique stargazers across all repos: 13699
2024-09-04 13:00:02,524 - INFO - Downloaded page 45 of stargazers. Total unique stargazers across all repos: 13799
2024-09-04 13:00:02,981 - INFO - Downloaded page 46 of stargazers. Total unique stargazers across all repos: 13898
2024-09-04 13:00:03,435 - INFO - Downloaded page 47 of stargazers. Total unique stargazers across all repos: 13997
2024-09-04 13:00:03,869 - INFO - Downloaded page 48 of stargazers. Total unique stargazers across all repos: 14094
2024-09-04 13:00:04,347 - INFO - Downloaded page 49 of stargazers. Total unique stargazers across all repos: 14191
2024-09-04 13:00:04,811 - INFO - Downloaded page 50 of stargazers. Total unique stargazers across all repos: 14291
2024-09-04 13:00:05,266 - INFO - Downloaded page 51 of stargazers. Total unique stargazers across all repos: 14391
2024-09-04 13:00:05,698 - INFO - Downloaded page 52 of stargazers. Total unique stargazers across all repos: 14490
2024-09-04 13:00:06,143 - INFO - Downloaded page 53 of stargazers. Total unique stargazers across all repos: 14586
2024-09-04 13:00:06,566 - INFO - Downloaded page 54 of stargazers. Total unique stargazers across all repos: 14686
2024-09-04 13:00:07,056 - INFO - Downloaded page 55 of stargazers. Total unique stargazers across all repos: 14786
2024-09-04 13:00:07,530 - INFO - Downloaded page 56 of stargazers. Total unique stargazers across all repos: 14884
2024-09-04 13:00:07,969 - INFO - Downloaded page 57 of stargazers. Total unique stargazers across all repos: 14981
2024-09-04 13:00:08,380 - INFO - Downloaded page 58 of stargazers. Total unique stargazers across all repos: 15079
2024-09-04 13:00:08,835 - INFO - Downloaded page 59 of stargazers. Total unique stargazers across all repos: 15178
2024-09-04 13:00:09,296 - INFO - Downloaded page 60 of stargazers. Total unique stargazers across all repos: 15277
2024-09-04 13:00:09,729 - INFO - Downloaded page 61 of stargazers. Total unique stargazers across all repos: 15377
2024-09-04 13:00:10,169 - INFO - Downloaded page 62 of stargazers. Total unique stargazers across all repos: 15476
2024-09-04 13:00:10,615 - INFO - Downloaded page 63 of stargazers. Total unique stargazers across all repos: 15573
2024-09-04 13:00:11,040 - INFO - Downloaded page 64 of stargazers. Total unique stargazers across all repos: 15672
2024-09-04 13:00:11,502 - INFO - Downloaded page 65 of stargazers. Total unique stargazers across all repos: 15771
2024-09-04 13:00:11,915 - INFO - Downloaded page 66 of stargazers. Total unique stargazers across all repos: 15870
2024-09-04 13:00:12,396 - INFO - Downloaded page 67 of stargazers. Total unique stargazers across all repos: 15969
2024-09-04 13:00:12,857 - INFO - Downloaded page 68 of stargazers. Total unique stargazers across all repos: 16069
2024-09-04 13:00:13,287 - INFO - Downloaded page 69 of stargazers. Total unique stargazers across all repos: 16166
2024-09-04 13:00:13,728 - INFO - Downloaded page 70 of stargazers. Total unique stargazers across all repos: 16265
2024-09-04 13:00:14,178 - INFO - Downloaded page 71 of stargazers. Total unique stargazers across all repos: 16364
2024-09-04 13:00:14,610 - INFO - Downloaded page 72 of stargazers. Total unique stargazers across all repos: 16463
2024-09-04 13:00:15,040 - INFO - Downloaded page 73 of stargazers. Total unique stargazers across all repos: 16561
2024-09-04 13:00:15,475 - INFO - Downloaded page 74 of stargazers. Total unique stargazers across all repos: 16659
2024-09-04 13:00:15,974 - INFO - Downloaded page 75 of stargazers. Total unique stargazers across all repos: 16758
2024-09-04 13:00:16,398 - INFO - Downloaded page 76 of stargazers. Total unique stargazers across all repos: 16857
2024-09-04 13:00:16,846 - INFO - Downloaded page 77 of stargazers. Total unique stargazers across all repos: 16955
2024-09-04 13:00:17,267 - INFO - Downloaded page 78 of stargazers. Total unique stargazers across all repos: 17055
2024-09-04 13:00:17,703 - INFO - Downloaded page 79 of stargazers. Total unique stargazers across all repos: 17153
2024-09-04 13:00:18,157 - INFO - Downloaded page 80 of stargazers. Total unique stargazers across all repos: 17251
2024-09-04 13:00:18,578 - INFO - Downloaded page 81 of stargazers. Total unique stargazers across all repos: 17348
2024-09-04 13:00:19,118 - INFO - Downloaded page 82 of stargazers. Total unique stargazers across all repos: 17446
2024-09-04 13:00:19,565 - INFO - Downloaded page 83 of stargazers. Total unique stargazers across all repos: 17545
2024-09-04 13:00:20,010 - INFO - Downloaded page 84 of stargazers. Total unique stargazers across all repos: 17644
2024-09-04 13:00:20,435 - INFO - Downloaded page 85 of stargazers. Total unique stargazers across all repos: 17743
2024-09-04 13:00:20,853 - INFO - Downloaded page 86 of stargazers. Total unique stargazers across all repos: 17843
2024-09-04 13:00:21,295 - INFO - Downloaded page 87 of stargazers. Total unique stargazers across all repos: 17942
2024-09-04 13:00:21,732 - INFO - Downloaded page 88 of stargazers. Total unique stargazers across all repos: 18042
2024-09-04 13:00:22,148 - INFO - Downloaded page 89 of stargazers. Total unique stargazers across all repos: 18141
2024-09-04 13:00:22,583 - INFO - Downloaded page 90 of stargazers. Total unique stargazers across all repos: 18241
2024-09-04 13:00:23,023 - INFO - Downloaded page 91 of stargazers. Total unique stargazers across all repos: 18340
2024-09-04 13:00:23,458 - INFO - Downloaded page 92 of stargazers. Total unique stargazers across all repos: 18439
2024-09-04 13:00:23,978 - INFO - Downloaded page 93 of stargazers. Total unique stargazers across all repos: 18537
2024-09-04 13:00:24,406 - INFO - Downloaded page 94 of stargazers. Total unique stargazers across all repos: 18634
2024-09-04 13:00:24,837 - INFO - Downloaded page 95 of stargazers. Total unique stargazers across all repos: 18733
2024-09-04 13:00:25,277 - INFO - Downloaded page 96 of stargazers. Total unique stargazers across all repos: 18833
2024-09-04 13:00:25,769 - INFO - Downloaded page 97 of stargazers. Total unique stargazers across all repos: 18929
2024-09-04 13:00:26,285 - INFO - Downloaded page 98 of stargazers. Total unique stargazers across all repos: 19027
2024-09-04 13:00:26,734 - INFO - Downloaded page 99 of stargazers. Total unique stargazers across all repos: 19127
2024-09-04 13:00:27,186 - INFO - Downloaded page 100 of stargazers. Total unique stargazers across all repos: 19224
2024-09-04 13:00:27,626 - INFO - Downloaded page 101 of stargazers. Total unique stargazers across all repos: 19320
2024-09-04 13:00:28,049 - INFO - Downloaded page 102 of stargazers. Total unique stargazers across all repos: 19419
2024-09-04 13:00:28,473 - INFO - Downloaded page 103 of stargazers. Total unique stargazers across all repos: 19519
2024-09-04 13:00:28,927 - INFO - Downloaded page 104 of stargazers. Total unique stargazers across all repos: 19618
2024-09-04 13:00:29,354 - INFO - Downloaded page 105 of stargazers. Total unique stargazers across all repos: 19715
2024-09-04 13:00:29,816 - INFO - Downloaded page 106 of stargazers. Total unique stargazers across all repos: 19812
2024-09-04 13:00:30,250 - INFO - Downloaded page 107 of stargazers. Total unique stargazers across all repos: 19910
2024-09-04 13:00:30,668 - INFO - Downloaded page 108 of stargazers. Total unique stargazers across all repos: 20009
2024-09-04 13:00:31,097 - INFO - Downloaded page 109 of stargazers. Total unique stargazers across all repos: 20108
2024-09-04 13:00:31,559 - INFO - Downloaded page 110 of stargazers. Total unique stargazers across all repos: 20208
2024-09-04 13:00:31,994 - INFO - Downloaded page 111 of stargazers. Total unique stargazers across all repos: 20306
2024-09-04 13:00:32,429 - INFO - Downloaded page 112 of stargazers. Total unique stargazers across all repos: 20402
2024-09-04 13:00:32,898 - INFO - Downloaded page 113 of stargazers. Total unique stargazers across all repos: 20501
2024-09-04 13:00:33,360 - INFO - Downloaded page 114 of stargazers. Total unique stargazers across all repos: 20599
2024-09-04 13:00:33,849 - INFO - Downloaded page 115 of stargazers. Total unique stargazers across all repos: 20697
2024-09-04 13:00:34,312 - INFO - Downloaded page 116 of stargazers. Total unique stargazers across all repos: 20797
2024-09-04 13:00:34,752 - INFO - Downloaded page 117 of stargazers. Total unique stargazers across all repos: 20895
2024-09-04 13:00:35,196 - INFO - Downloaded page 118 of stargazers. Total unique stargazers across all repos: 20995
2024-09-04 13:00:35,640 - INFO - Downloaded page 119 of stargazers. Total unique stargazers across all repos: 21093
2024-09-04 13:00:36,095 - INFO - Downloaded page 120 of stargazers. Total unique stargazers across all repos: 21192
2024-09-04 13:00:36,518 - INFO - Downloaded page 121 of stargazers. Total unique stargazers across all repos: 21291
2024-09-04 13:00:36,983 - INFO - Downloaded page 122 of stargazers. Total unique stargazers across all repos: 21389
2024-09-04 13:00:37,425 - INFO - Downloaded page 123 of stargazers. Total unique stargazers across all repos: 21487
2024-09-04 13:00:37,859 - INFO - Downloaded page 124 of stargazers. Total unique stargazers across all repos: 21586
2024-09-04 13:00:38,301 - INFO - Downloaded page 125 of stargazers. Total unique stargazers across all repos: 21682
2024-09-04 13:00:38,739 - INFO - Downloaded page 126 of stargazers. Total unique stargazers across all repos: 21780
2024-09-04 13:00:39,198 - INFO - Downloaded page 127 of stargazers. Total unique stargazers across all repos: 21877
2024-09-04 13:00:39,660 - INFO - Downloaded page 128 of stargazers. Total unique stargazers across all repos: 21976
2024-09-04 13:00:40,112 - INFO - Downloaded page 129 of stargazers. Total unique stargazers across all repos: 22075
2024-09-04 13:00:40,549 - INFO - Downloaded page 130 of stargazers. Total unique stargazers across all repos: 22174
2024-09-04 13:00:40,984 - INFO - Downloaded page 131 of stargazers. Total unique stargazers across all repos: 22273
2024-09-04 13:00:41,472 - INFO - Downloaded page 132 of stargazers. Total unique stargazers across all repos: 22369
2024-09-04 13:00:41,978 - INFO - Downloaded page 133 of stargazers. Total unique stargazers across all repos: 22469
2024-09-04 13:00:42,419 - INFO - Downloaded page 134 of stargazers. Total unique stargazers across all repos: 22566
2024-09-04 13:00:42,876 - INFO - Downloaded page 135 of stargazers. Total unique stargazers across all repos: 22666
2024-09-04 13:00:43,285 - INFO - Downloaded page 136 of stargazers. Total unique stargazers across all repos: 22766
2024-09-04 13:00:43,765 - INFO - Downloaded page 137 of stargazers. Total unique stargazers across all repos: 22861
2024-09-04 13:00:44,208 - INFO - Downloaded page 138 of stargazers. Total unique stargazers across all repos: 22957
2024-09-04 13:00:44,662 - INFO - Downloaded page 139 of stargazers. Total unique stargazers across all repos: 23057
2024-09-04 13:00:45,105 - INFO - Downloaded page 140 of stargazers. Total unique stargazers across all repos: 23155
2024-09-04 13:00:45,536 - INFO - Downloaded page 141 of stargazers. Total unique stargazers across all repos: 23253
2024-09-04 13:00:45,966 - INFO - Downloaded page 142 of stargazers. Total unique stargazers across all repos: 23349
2024-09-04 13:00:46,392 - INFO - Downloaded page 143 of stargazers. Total unique stargazers across all repos: 23449
2024-09-04 13:00:46,834 - INFO - Downloaded page 144 of stargazers. Total unique stargazers across all repos: 23547
2024-09-04 13:00:47,291 - INFO - Downloaded page 145 of stargazers. Total unique stargazers across all repos: 23646
2024-09-04 13:00:47,720 - INFO - Downloaded page 146 of stargazers. Total unique stargazers across all repos: 23746
2024-09-04 13:00:48,216 - INFO - Downloaded page 147 of stargazers. Total unique stargazers across all repos: 23844
2024-09-04 13:00:48,705 - INFO - Downloaded page 148 of stargazers. Total unique stargazers across all repos: 23943
2024-09-04 13:00:49,241 - INFO - Downloaded page 149 of stargazers. Total unique stargazers across all repos: 24039
2024-09-04 13:00:49,678 - INFO - Downloaded page 150 of stargazers. Total unique stargazers across all repos: 24138
2024-09-04 13:00:50,125 - INFO - Downloaded page 151 of stargazers. Total unique stargazers across all repos: 24235
2024-09-04 13:00:50,573 - INFO - Downloaded page 152 of stargazers. Total unique stargazers across all repos: 24332
2024-09-04 13:00:51,034 - INFO - Downloaded page 153 of stargazers. Total unique stargazers across all repos: 24431
2024-09-04 13:00:51,502 - INFO - Downloaded page 154 of stargazers. Total unique stargazers across all repos: 24530
2024-09-04 13:00:51,936 - INFO - Downloaded page 155 of stargazers. Total unique stargazers across all repos: 24629
2024-09-04 13:00:52,369 - INFO - Downloaded page 156 of stargazers. Total unique stargazers across all repos: 24726
2024-09-04 13:00:52,800 - INFO - Downloaded page 157 of stargazers. Total unique stargazers across all repos: 24824
2024-09-04 13:00:53,242 - INFO - Downloaded page 158 of stargazers. Total unique stargazers across all repos: 24923
2024-09-04 13:00:53,713 - INFO - Downloaded page 159 of stargazers. Total unique stargazers across all repos: 25020
2024-09-04 13:00:54,150 - INFO - Downloaded page 160 of stargazers. Total unique stargazers across all repos: 25119
2024-09-04 13:00:54,604 - INFO - Downloaded page 161 of stargazers. Total unique stargazers across all repos: 25217
2024-09-04 13:00:55,085 - INFO - Downloaded page 162 of stargazers. Total unique stargazers across all repos: 25317
2024-09-04 13:00:55,502 - INFO - Downloaded page 163 of stargazers. Total unique stargazers across all repos: 25416
2024-09-04 13:00:55,949 - INFO - Downloaded page 164 of stargazers. Total unique stargazers across all repos: 25515
2024-09-04 13:00:56,438 - INFO - Downloaded page 165 of stargazers. Total unique stargazers across all repos: 25615
2024-09-04 13:00:56,891 - INFO - Downloaded page 166 of stargazers. Total unique stargazers across all repos: 25714
2024-09-04 13:00:57,341 - INFO - Downloaded page 167 of stargazers. Total unique stargazers across all repos: 25811
2024-09-04 13:00:57,788 - INFO - Downloaded page 168 of stargazers. Total unique stargazers across all repos: 25909
2024-09-04 13:00:58,205 - INFO - Downloaded page 169 of stargazers. Total unique stargazers across all repos: 26006
2024-09-04 13:00:58,673 - INFO - Downloaded page 170 of stargazers. Total unique stargazers across all repos: 26106
2024-09-04 13:00:59,137 - INFO - Downloaded page 171 of stargazers. Total unique stargazers across all repos: 26206
2024-09-04 13:00:59,626 - INFO - Downloaded page 172 of stargazers. Total unique stargazers across all repos: 26305
2024-09-04 13:01:00,044 - INFO - Downloaded page 173 of stargazers. Total unique stargazers across all repos: 26403
2024-09-04 13:01:00,549 - INFO - Downloaded page 174 of stargazers. Total unique stargazers across all repos: 26501
2024-09-04 13:01:00,992 - INFO - Downloaded page 175 of stargazers. Total unique stargazers across all repos: 26600
2024-09-04 13:01:01,671 - INFO - Downloaded page 176 of stargazers. Total unique stargazers across all repos: 26696
2024-09-04 13:01:02,119 - INFO - Downloaded page 177 of stargazers. Total unique stargazers across all repos: 26796
2024-09-04 13:01:02,576 - INFO - Downloaded page 178 of stargazers. Total unique stargazers across all repos: 26895
2024-09-04 13:01:03,048 - INFO - Downloaded page 179 of stargazers. Total unique stargazers across all repos: 26994
2024-09-04 13:01:03,525 - INFO - Downloaded page 180 of stargazers. Total unique stargazers across all repos: 27093
2024-09-04 13:01:03,959 - INFO - Downloaded page 181 of stargazers. Total unique stargazers across all repos: 27191
2024-09-04 13:01:04,412 - INFO - Downloaded page 182 of stargazers. Total unique stargazers across all repos: 27291
2024-09-04 13:01:04,863 - INFO - Downloaded page 183 of stargazers. Total unique stargazers across all repos: 27389
2024-09-04 13:01:05,319 - INFO - Downloaded page 184 of stargazers. Total unique stargazers across all repos: 27487
2024-09-04 13:01:05,771 - INFO - Downloaded page 185 of stargazers. Total unique stargazers across all repos: 27586
2024-09-04 13:01:06,209 - INFO - Downloaded page 186 of stargazers. Total unique stargazers across all repos: 27684
2024-09-04 13:01:06,649 - INFO - Downloaded page 187 of stargazers. Total unique stargazers across all repos: 27782
2024-09-04 13:01:07,156 - INFO - Downloaded page 188 of stargazers. Total unique stargazers across all repos: 27881
2024-09-04 13:01:07,601 - INFO - Downloaded page 189 of stargazers. Total unique stargazers across all repos: 27977
2024-09-04 13:01:08,093 - INFO - Downloaded page 190 of stargazers. Total unique stargazers across all repos: 28075
2024-09-04 13:01:08,547 - INFO - Downloaded page 191 of stargazers. Total unique stargazers across all repos: 28175
2024-09-04 13:01:09,004 - INFO - Downloaded page 192 of stargazers. Total unique stargazers across all repos: 28271
2024-09-04 13:01:09,492 - INFO - Downloaded page 193 of stargazers. Total unique stargazers across all repos: 28371
2024-09-04 13:01:09,987 - INFO - Downloaded page 194 of stargazers. Total unique stargazers across all repos: 28470
2024-09-04 13:01:10,468 - INFO - Downloaded page 195 of stargazers. Total unique stargazers across all repos: 28566
2024-09-04 13:01:10,914 - INFO - Downloaded page 196 of stargazers. Total unique stargazers across all repos: 28661
2024-09-04 13:01:11,387 - INFO - Downloaded page 197 of stargazers. Total unique stargazers across all repos: 28759
2024-09-04 13:01:11,824 - INFO - Downloaded page 198 of stargazers. Total unique stargazers across all repos: 28858
2024-09-04 13:01:12,238 - INFO - Downloaded page 199 of stargazers. Total unique stargazers across all repos: 28955
2024-09-04 13:01:12,685 - INFO - Downloaded page 200 of stargazers. Total unique stargazers across all repos: 29053
2024-09-04 13:01:13,127 - INFO - Downloaded page 201 of stargazers. Total unique stargazers across all repos: 29152
2024-09-04 13:01:13,594 - INFO - Downloaded page 202 of stargazers. Total unique stargazers across all repos: 29251
2024-09-04 13:01:14,054 - INFO - Downloaded page 203 of stargazers. Total unique stargazers across all repos: 29351
2024-09-04 13:01:14,531 - INFO - Downloaded page 204 of stargazers. Total unique stargazers across all repos: 29450
2024-09-04 13:01:14,971 - INFO - Downloaded page 205 of stargazers. Total unique stargazers across all repos: 29549
2024-09-04 13:01:15,440 - INFO - Downloaded page 206 of stargazers. Total unique stargazers across all repos: 29648
2024-09-04 13:01:15,908 - INFO - Downloaded page 207 of stargazers. Total unique stargazers across all repos: 29745
2024-09-04 13:01:16,377 - INFO - Downloaded page 208 of stargazers. Total unique stargazers across all repos: 29842
2024-09-04 13:01:16,898 - INFO - Downloaded page 209 of stargazers. Total unique stargazers across all repos: 29942
2024-09-04 13:01:17,378 - INFO - Downloaded page 210 of stargazers. Total unique stargazers across all repos: 30040
2024-09-04 13:01:17,820 - INFO - Downloaded page 211 of stargazers. Total unique stargazers across all repos: 30138
2024-09-04 13:01:18,293 - INFO - Downloaded page 212 of stargazers. Total unique stargazers across all repos: 30237
2024-09-04 13:01:18,748 - INFO - Downloaded page 213 of stargazers. Total unique stargazers across all repos: 30336
2024-09-04 13:01:19,181 - INFO - Downloaded page 214 of stargazers. Total unique stargazers across all repos: 30434
2024-09-04 13:01:19,585 - INFO - Downloaded page 215 of stargazers. Total unique stargazers across all repos: 30533
2024-09-04 13:01:20,071 - INFO - Downloaded page 216 of stargazers. Total unique stargazers across all repos: 30631
2024-09-04 13:01:20,580 - INFO - Downloaded page 217 of stargazers. Total unique stargazers across all repos: 30731
2024-09-04 13:01:21,038 - INFO - Downloaded page 218 of stargazers. Total unique stargazers across all repos: 30830
2024-09-04 13:01:21,458 - INFO - Downloaded page 219 of stargazers. Total unique stargazers across all repos: 30927
2024-09-04 13:01:21,925 - INFO - Downloaded page 220 of stargazers. Total unique stargazers across all repos: 31025
2024-09-04 13:01:22,381 - INFO - Downloaded page 221 of stargazers. Total unique stargazers across all repos: 31124
2024-09-04 13:01:22,860 - INFO - Downloaded page 222 of stargazers. Total unique stargazers across all repos: 31222
2024-09-04 13:01:23,331 - INFO - Downloaded page 223 of stargazers. Total unique stargazers across all repos: 31322
2024-09-04 13:01:23,755 - INFO - Downloaded page 224 of stargazers. Total unique stargazers across all repos: 31420
2024-09-04 13:01:24,311 - INFO - Downloaded page 225 of stargazers. Total unique stargazers across all repos: 31518
2024-09-04 13:01:24,811 - INFO - Downloaded page 226 of stargazers. Total unique stargazers across all repos: 31617
2024-09-04 13:01:25,244 - INFO - Downloaded page 227 of stargazers. Total unique stargazers across all repos: 31716
2024-09-04 13:01:25,670 - INFO - Downloaded page 228 of stargazers. Total unique stargazers across all repos: 31816
2024-09-04 13:01:26,141 - INFO - Downloaded page 229 of stargazers. Total unique stargazers across all repos: 31915
2024-09-04 13:01:26,612 - INFO - Downloaded page 230 of stargazers. Total unique stargazers across all repos: 32012
2024-09-04 13:01:27,051 - INFO - Downloaded page 231 of stargazers. Total unique stargazers across all repos: 32111
2024-09-04 13:01:27,481 - INFO - Downloaded page 232 of stargazers. Total unique stargazers across all repos: 32208
2024-09-04 13:01:27,949 - INFO - Downloaded page 233 of stargazers. Total unique stargazers across all repos: 32308
2024-09-04 13:01:28,393 - INFO - Downloaded page 234 of stargazers. Total unique stargazers across all repos: 32407
2024-09-04 13:01:28,873 - INFO - Downloaded page 235 of stargazers. Total unique stargazers across all repos: 32504
2024-09-04 13:01:29,331 - INFO - Downloaded page 236 of stargazers. Total unique stargazers across all repos: 32603
2024-09-04 13:01:29,872 - INFO - Downloaded page 237 of stargazers. Total unique stargazers across all repos: 32702
2024-09-04 13:01:30,351 - INFO - Downloaded page 238 of stargazers. Total unique stargazers across all repos: 32801
2024-09-04 13:01:30,836 - INFO - Downloaded page 239 of stargazers. Total unique stargazers across all repos: 32900
2024-09-04 13:01:31,291 - INFO - Downloaded page 240 of stargazers. Total unique stargazers across all repos: 32999
2024-09-04 13:01:31,758 - INFO - Downloaded page 241 of stargazers. Total unique stargazers across all repos: 33097
2024-09-04 13:01:32,211 - INFO - Downloaded page 242 of stargazers. Total unique stargazers across all repos: 33197
2024-09-04 13:01:32,656 - INFO - Downloaded page 243 of stargazers. Total unique stargazers across all repos: 33295
2024-09-04 13:01:33,151 - INFO - Downloaded page 244 of stargazers. Total unique stargazers across all repos: 33393
2024-09-04 13:01:33,602 - INFO - Downloaded page 245 of stargazers. Total unique stargazers across all repos: 33492
2024-09-04 13:01:34,048 - INFO - Downloaded page 246 of stargazers. Total unique stargazers across all repos: 33590
2024-09-04 13:01:34,471 - INFO - Downloaded page 247 of stargazers. Total unique stargazers across all repos: 33687
2024-09-04 13:01:34,953 - INFO - Downloaded page 248 of stargazers. Total unique stargazers across all repos: 33785
2024-09-04 13:01:35,389 - INFO - Downloaded page 249 of stargazers. Total unique stargazers across all repos: 33883
2024-09-04 13:01:35,821 - INFO - Downloaded page 250 of stargazers. Total unique stargazers across all repos: 33980
2024-09-04 13:01:36,360 - INFO - Downloaded page 251 of stargazers. Total unique stargazers across all repos: 34077
2024-09-04 13:01:36,813 - INFO - Downloaded page 252 of stargazers. Total unique stargazers across all repos: 34174
2024-09-04 13:01:37,302 - INFO - Downloaded page 253 of stargazers. Total unique stargazers across all repos: 34274
2024-09-04 13:01:37,721 - INFO - Downloaded page 254 of stargazers. Total unique stargazers across all repos: 34374
2024-09-04 13:01:38,204 - INFO - Downloaded page 255 of stargazers. Total unique stargazers across all repos: 34473
2024-09-04 13:01:38,648 - INFO - Downloaded page 256 of stargazers. Total unique stargazers across all repos: 34572
2024-09-04 13:01:39,131 - INFO - Downloaded page 257 of stargazers. Total unique stargazers across all repos: 34671
2024-09-04 13:01:39,561 - INFO - Downloaded page 258 of stargazers. Total unique stargazers across all repos: 34770
2024-09-04 13:01:39,999 - INFO - Downloaded page 259 of stargazers. Total unique stargazers across all repos: 34867
2024-09-04 13:01:40,482 - INFO - Downloaded page 260 of stargazers. Total unique stargazers across all repos: 34966
2024-09-04 13:01:40,902 - INFO - Downloaded page 261 of stargazers. Total unique stargazers across all repos: 35063
2024-09-04 13:01:41,377 - INFO - Downloaded page 262 of stargazers. Total unique stargazers across all repos: 35162
2024-09-04 13:01:41,845 - INFO - Downloaded page 263 of stargazers. Total unique stargazers across all repos: 35259
2024-09-04 13:01:42,299 - INFO - Downloaded page 264 of stargazers. Total unique stargazers across all repos: 35355
2024-09-04 13:01:42,793 - INFO - Downloaded page 265 of stargazers. Total unique stargazers across all repos: 35455
2024-09-04 13:01:43,219 - INFO - Downloaded page 266 of stargazers. Total unique stargazers across all repos: 35555
2024-09-04 13:01:43,661 - INFO - Downloaded page 267 of stargazers. Total unique stargazers across all repos: 35655
2024-09-04 13:01:44,129 - INFO - Downloaded page 268 of stargazers. Total unique stargazers across all repos: 35754
2024-09-04 13:01:44,569 - INFO - Downloaded page 269 of stargazers. Total unique stargazers across all repos: 35854
2024-09-04 13:01:45,017 - INFO - Downloaded page 270 of stargazers. Total unique stargazers across all repos: 35952
2024-09-04 13:01:45,468 - INFO - Downloaded page 271 of stargazers. Total unique stargazers across all repos: 36049
2024-09-04 13:01:45,933 - INFO - Downloaded page 272 of stargazers. Total unique stargazers across all repos: 36146
2024-09-04 13:01:46,381 - INFO - Downloaded page 273 of stargazers. Total unique stargazers across all repos: 36246
2024-09-04 13:01:46,835 - INFO - Downloaded page 274 of stargazers. Total unique stargazers across all repos: 36346
2024-09-04 13:01:47,306 - INFO - Downloaded page 275 of stargazers. Total unique stargazers across all repos: 36446
2024-09-04 13:01:47,739 - INFO - Downloaded page 276 of stargazers. Total unique stargazers across all repos: 36544
2024-09-04 13:01:48,274 - INFO - Downloaded page 277 of stargazers. Total unique stargazers across all repos: 36644
2024-09-04 13:01:48,727 - INFO - Downloaded page 278 of stargazers. Total unique stargazers across all repos: 36742
2024-09-04 13:01:49,227 - INFO - Downloaded page 279 of stargazers. Total unique stargazers across all repos: 36842
2024-09-04 13:01:49,643 - INFO - Downloaded page 280 of stargazers. Total unique stargazers across all repos: 36940
2024-09-04 13:01:50,111 - INFO - Downloaded page 281 of stargazers. Total unique stargazers across all repos: 37040
2024-09-04 13:01:50,560 - INFO - Downloaded page 282 of stargazers. Total unique stargazers across all repos: 37137
2024-09-04 13:01:51,043 - INFO - Downloaded page 283 of stargazers. Total unique stargazers across all repos: 37236
2024-09-04 13:01:51,492 - INFO - Downloaded page 284 of stargazers. Total unique stargazers across all repos: 37333
2024-09-04 13:01:51,976 - INFO - Downloaded page 285 of stargazers. Total unique stargazers across all repos: 37432
2024-09-04 13:01:52,430 - INFO - Downloaded page 286 of stargazers. Total unique stargazers across all repos: 37530
2024-09-04 13:01:52,892 - INFO - Downloaded page 287 of stargazers. Total unique stargazers across all repos: 37628
2024-09-04 13:01:53,317 - INFO - Downloaded page 288 of stargazers. Total unique stargazers across all repos: 37727
2024-09-04 13:01:53,769 - INFO - Downloaded page 289 of stargazers. Total unique stargazers across all repos: 37823
2024-09-04 13:01:54,242 - INFO - Downloaded page 290 of stargazers. Total unique stargazers across all repos: 37922
2024-09-04 13:01:54,688 - INFO - Downloaded page 291 of stargazers. Total unique stargazers across all repos: 38019
2024-09-04 13:01:55,149 - INFO - Downloaded page 292 of stargazers. Total unique stargazers across all repos: 38118
2024-09-04 13:01:55,595 - INFO - Downloaded page 293 of stargazers. Total unique stargazers across all repos: 38217
2024-09-04 13:01:56,057 - INFO - Downloaded page 294 of stargazers. Total unique stargazers across all repos: 38316
2024-09-04 13:01:56,514 - INFO - Downloaded page 295 of stargazers. Total unique stargazers across all repos: 38412
2024-09-04 13:01:57,012 - INFO - Downloaded page 296 of stargazers. Total unique stargazers across all repos: 38512
2024-09-04 13:01:57,485 - INFO - Downloaded page 297 of stargazers. Total unique stargazers across all repos: 38607
2024-09-04 13:01:57,913 - INFO - Downloaded page 298 of stargazers. Total unique stargazers across all repos: 38705
2024-09-04 13:01:58,360 - INFO - Downloaded page 299 of stargazers. Total unique stargazers across all repos: 38805
2024-09-04 13:01:58,824 - INFO - Downloaded page 300 of stargazers. Total unique stargazers across all repos: 38903
2024-09-04 13:01:59,305 - INFO - Downloaded page 301 of stargazers. Total unique stargazers across all repos: 39002
2024-09-04 13:01:59,732 - INFO - Downloaded page 302 of stargazers. Total unique stargazers across all repos: 39101
2024-09-04 13:02:00,174 - INFO - Downloaded page 303 of stargazers. Total unique stargazers across all repos: 39200
2024-09-04 13:02:00,648 - INFO - Downloaded page 304 of stargazers. Total unique stargazers across all repos: 39297
2024-09-04 13:02:01,172 - INFO - Downloaded page 305 of stargazers. Total unique stargazers across all repos: 39396
2024-09-04 13:02:01,617 - INFO - Downloaded page 306 of stargazers. Total unique stargazers across all repos: 39495
2024-09-04 13:02:02,055 - INFO - Downloaded page 307 of stargazers. Total unique stargazers across all repos: 39593
2024-09-04 13:02:02,517 - INFO - Downloaded page 308 of stargazers. Total unique stargazers across all repos: 39691
2024-09-04 13:02:02,976 - INFO - Downloaded page 309 of stargazers. Total unique stargazers across all repos: 39789
2024-09-04 13:02:03,447 - INFO - Downloaded page 310 of stargazers. Total unique stargazers across all repos: 39888
2024-09-04 13:02:03,949 - INFO - Downloaded page 311 of stargazers. Total unique stargazers across all repos: 39987
2024-09-04 13:02:04,403 - INFO - Downloaded page 312 of stargazers. Total unique stargazers across all repos: 40085
2024-09-04 13:02:04,836 - INFO - Downloaded page 313 of stargazers. Total unique stargazers across all repos: 40184
2024-09-04 13:02:05,284 - INFO - Downloaded page 314 of stargazers. Total unique stargazers across all repos: 40282
2024-09-04 13:02:05,713 - INFO - Downloaded page 315 of stargazers. Total unique stargazers across all repos: 40381
2024-09-04 13:02:06,150 - INFO - Downloaded page 316 of stargazers. Total unique stargazers across all repos: 40478
2024-09-04 13:02:06,587 - INFO - Downloaded page 317 of stargazers. Total unique stargazers across all repos: 40576
2024-09-04 13:02:07,015 - INFO - Downloaded page 318 of stargazers. Total unique stargazers across all repos: 40675
2024-09-04 13:02:07,493 - INFO - Downloaded page 319 of stargazers. Total unique stargazers across all repos: 40771
2024-09-04 13:02:07,978 - INFO - Downloaded page 320 of stargazers. Total unique stargazers across all repos: 40869
2024-09-04 13:02:08,430 - INFO - Downloaded page 321 of stargazers. Total unique stargazers across all repos: 40967
2024-09-04 13:02:08,922 - INFO - Downloaded page 322 of stargazers. Total unique stargazers across all repos: 41064
2024-09-04 13:02:09,400 - INFO - Downloaded page 323 of stargazers. Total unique stargazers across all repos: 41164
2024-09-04 13:02:09,882 - INFO - Downloaded page 324 of stargazers. Total unique stargazers across all repos: 41263
2024-09-04 13:02:10,314 - INFO - Downloaded page 325 of stargazers. Total unique stargazers across all repos: 41360
2024-09-04 13:02:10,760 - INFO - Downloaded page 326 of stargazers. Total unique stargazers across all repos: 41459
2024-09-04 13:02:11,216 - INFO - Downloaded page 327 of stargazers. Total unique stargazers across all repos: 41553
2024-09-04 13:02:11,666 - INFO - Downloaded page 328 of stargazers. Total unique stargazers across all repos: 41650
2024-09-04 13:02:12,118 - INFO - Downloaded page 329 of stargazers. Total unique stargazers across all repos: 41749
2024-09-04 13:02:12,536 - INFO - Downloaded page 330 of stargazers. Total unique stargazers across all repos: 41844
2024-09-04 13:02:13,032 - INFO - Downloaded page 331 of stargazers. Total unique stargazers across all repos: 41941
2024-09-04 13:02:13,570 - INFO - Downloaded page 332 of stargazers. Total unique stargazers across all repos: 42041
2024-09-04 13:02:14,042 - INFO - Downloaded page 333 of stargazers. Total unique stargazers across all repos: 42141
2024-09-04 13:02:14,504 - INFO - Downloaded page 334 of stargazers. Total unique stargazers across all repos: 42240
2024-09-04 13:02:14,941 - INFO - Downloaded page 335 of stargazers. Total unique stargazers across all repos: 42339
2024-09-04 13:02:15,454 - INFO - Downloaded page 336 of stargazers. Total unique stargazers across all repos: 42437
2024-09-04 13:02:15,911 - INFO - Downloaded page 337 of stargazers. Total unique stargazers across all repos: 42536
2024-09-04 13:02:16,350 - INFO - Downloaded page 338 of stargazers. Total unique stargazers across all repos: 42635
2024-09-04 13:02:16,826 - INFO - Downloaded page 339 of stargazers. Total unique stargazers across all repos: 42733
2024-09-04 13:02:17,311 - INFO - Downloaded page 340 of stargazers. Total unique stargazers across all repos: 42833
2024-09-04 13:02:17,738 - INFO - Downloaded page 341 of stargazers. Total unique stargazers across all repos: 42932
2024-09-04 13:02:18,227 - INFO - Downloaded page 342 of stargazers. Total unique stargazers across all repos: 43031
2024-09-04 13:02:18,674 - INFO - Downloaded page 343 of stargazers. Total unique stargazers across all repos: 43131
2024-09-04 13:02:19,155 - INFO - Downloaded page 344 of stargazers. Total unique stargazers across all repos: 43230
2024-09-04 13:02:19,587 - INFO - Downloaded page 345 of stargazers. Total unique stargazers across all repos: 43330
2024-09-04 13:02:20,045 - INFO - Downloaded page 346 of stargazers. Total unique stargazers across all repos: 43429
2024-09-04 13:02:20,503 - INFO - Downloaded page 347 of stargazers. Total unique stargazers across all repos: 43527
2024-09-04 13:02:20,969 - INFO - Downloaded page 348 of stargazers. Total unique stargazers across all repos: 43622
2024-09-04 13:02:21,456 - INFO - Downloaded page 349 of stargazers. Total unique stargazers across all repos: 43721
2024-09-04 13:02:21,918 - INFO - Downloaded page 350 of stargazers. Total unique stargazers across all repos: 43820
2024-09-04 13:02:22,364 - INFO - Downloaded page 351 of stargazers. Total unique stargazers across all repos: 43918
2024-09-04 13:02:22,818 - INFO - Downloaded page 352 of stargazers. Total unique stargazers across all repos: 44016
2024-09-04 13:02:23,292 - INFO - Downloaded page 353 of stargazers. Total unique stargazers across all repos: 44115
2024-09-04 13:02:23,776 - INFO - Downloaded page 354 of stargazers. Total unique stargazers across all repos: 44212
2024-09-04 13:02:24,241 - INFO - Downloaded page 355 of stargazers. Total unique stargazers across all repos: 44312
2024-09-04 13:02:24,730 - INFO - Downloaded page 356 of stargazers. Total unique stargazers across all repos: 44409
2024-09-04 13:02:25,173 - INFO - Downloaded page 357 of stargazers. Total unique stargazers across all repos: 44509
2024-09-04 13:02:25,748 - INFO - Downloaded page 358 of stargazers. Total unique stargazers across all repos: 44608
2024-09-04 13:02:26,193 - INFO - Downloaded page 359 of stargazers. Total unique stargazers across all repos: 44705
2024-09-04 13:02:26,650 - INFO - Downloaded page 360 of stargazers. Total unique stargazers across all repos: 44803
2024-09-04 13:02:27,105 - INFO - Downloaded page 361 of stargazers. Total unique stargazers across all repos: 44903
2024-09-04 13:02:27,609 - INFO - Downloaded page 362 of stargazers. Total unique stargazers across all repos: 45002
2024-09-04 13:02:28,135 - INFO - Downloaded page 363 of stargazers. Total unique stargazers across all repos: 45102
2024-09-04 13:02:28,591 - INFO - Downloaded page 364 of stargazers. Total unique stargazers across all repos: 45202
2024-09-04 13:02:29,025 - INFO - Downloaded page 365 of stargazers. Total unique stargazers across all repos: 45301
2024-09-04 13:02:29,484 - INFO - Downloaded page 366 of stargazers. Total unique stargazers across all repos: 45400
2024-09-04 13:02:29,925 - INFO - Downloaded page 367 of stargazers. Total unique stargazers across all repos: 45498
2024-09-04 13:02:30,356 - INFO - Downloaded page 368 of stargazers. Total unique stargazers across all repos: 45597
2024-09-04 13:02:30,813 - INFO - Downloaded page 369 of stargazers. Total unique stargazers across all repos: 45694
2024-09-04 13:02:31,312 - INFO - Downloaded page 370 of stargazers. Total unique stargazers across all repos: 45792
2024-09-04 13:02:31,758 - INFO - Downloaded page 371 of stargazers. Total unique stargazers across all repos: 45891
2024-09-04 13:02:32,217 - INFO - Downloaded page 372 of stargazers. Total unique stargazers across all repos: 45991
2024-09-04 13:02:32,697 - INFO - Downloaded page 373 of stargazers. Total unique stargazers across all repos: 46090
2024-09-04 13:02:33,210 - INFO - Downloaded page 374 of stargazers. Total unique stargazers across all repos: 46185
2024-09-04 13:02:33,731 - INFO - Downloaded page 375 of stargazers. Total unique stargazers across all repos: 46285
2024-09-04 13:02:34,171 - INFO - Downloaded page 376 of stargazers. Total unique stargazers across all repos: 46384
2024-09-04 13:02:34,606 - INFO - Downloaded page 377 of stargazers. Total unique stargazers across all repos: 46484
2024-09-04 13:02:35,048 - INFO - Downloaded page 378 of stargazers. Total unique stargazers across all repos: 46583
2024-09-04 13:02:35,510 - INFO - Downloaded page 379 of stargazers. Total unique stargazers across all repos: 46682
2024-09-04 13:02:35,962 - INFO - Downloaded page 380 of stargazers. Total unique stargazers across all repos: 46779
2024-09-04 13:02:36,415 - INFO - Downloaded page 381 of stargazers. Total unique stargazers across all repos: 46879
2024-09-04 13:02:36,905 - INFO - Downloaded page 382 of stargazers. Total unique stargazers across all repos: 46979
2024-09-04 13:02:37,351 - INFO - Downloaded page 383 of stargazers. Total unique stargazers across all repos: 47075
2024-09-04 13:02:37,795 - INFO - Downloaded page 384 of stargazers. Total unique stargazers across all repos: 47174
2024-09-04 13:02:38,293 - INFO - Downloaded page 385 of stargazers. Total unique stargazers across all repos: 47273
2024-09-04 13:02:38,744 - INFO - Downloaded page 386 of stargazers. Total unique stargazers across all repos: 47369
2024-09-04 13:02:39,229 - INFO - Downloaded page 387 of stargazers. Total unique stargazers across all repos: 47467
2024-09-04 13:02:39,722 - INFO - Downloaded page 388 of stargazers. Total unique stargazers across all repos: 47566
2024-09-04 13:02:40,160 - INFO - Downloaded page 389 of stargazers. Total unique stargazers across all repos: 47664
2024-09-04 13:02:40,628 - INFO - Downloaded page 390 of stargazers. Total unique stargazers across all repos: 47762
2024-09-04 13:02:41,130 - INFO - Downloaded page 391 of stargazers. Total unique stargazers across all repos: 47860
2024-09-04 13:02:41,574 - INFO - Downloaded page 392 of stargazers. Total unique stargazers across all repos: 47958
2024-09-04 13:02:42,061 - INFO - Downloaded page 393 of stargazers. Total unique stargazers across all repos: 48056
2024-09-04 13:02:42,497 - INFO - Downloaded page 394 of stargazers. Total unique stargazers across all repos: 48154
2024-09-04 13:02:42,983 - INFO - Downloaded page 395 of stargazers. Total unique stargazers across all repos: 48250
2024-09-04 13:02:43,426 - INFO - Downloaded page 396 of stargazers. Total unique stargazers across all repos: 48350
2024-09-04 13:02:43,963 - INFO - Downloaded page 397 of stargazers. Total unique stargazers across all repos: 48450
2024-09-04 13:02:44,431 - INFO - Downloaded page 398 of stargazers. Total unique stargazers across all repos: 48550
2024-09-04 13:02:44,920 - INFO - Downloaded page 399 of stargazers. Total unique stargazers across all repos: 48647
2024-09-04 13:02:45,391 - INFO - Downloaded page 400 of stargazers. Total unique stargazers across all repos: 48744
2024-09-04 13:02:45,763 - ERROR - Error processing repository BurntSushi/ripgrep: 422 {"message": "In order to keep the API fast for everyone, pagination is limited for this resource.", "documentation_url": "https://docs.github.com/v3/#pagination", "status": "422"}
2024-09-04 13:02:45,764 - INFO - Total unique stargazers across all repositories: 48744
2024-09-04 13:02:45,777 - INFO - Results written to results.txt
